<?xml version="1.0" encoding="UTF-8"?>
<testsuites>
  <testsuite name="WeDev Test Suite" tests="6" assertions="6" errors="0" failures="0" skipped="0" time="0.058542">
    <testsuite name="WeDev\Identifier\Tests\CipherIdentificatorTest" file="/home/evalverde/projects/Identifier/Tests/CipherIdentificatorTest.php" tests="3" assertions="3" errors="0" failures="0" skipped="0" time="0.048692">
      <testcase name="should_generate_valid_id" class="WeDev\Identifier\Tests\CipherIdentificatorTest" classname="WeDev.Identifier.Tests.CipherIdentificatorTest" file="/home/evalverde/projects/Identifier/Tests/CipherIdentificatorTest.php" line="24" assertions="1" time="0.037602"/>
      <testcase name="should_not_be_equal_with_three_equals" class="WeDev\Identifier\Tests\CipherIdentificatorTest" classname="WeDev.Identifier.Tests.CipherIdentificatorTest" file="/home/evalverde/projects/Identifier/Tests/CipherIdentificatorTest.php" line="32" assertions="1" time="0.008753"/>
      <testcase name="should_be_equal_with_two_equals" class="WeDev\Identifier\Tests\CipherIdentificatorTest" classname="WeDev.Identifier.Tests.CipherIdentificatorTest" file="/home/evalverde/projects/Identifier/Tests/CipherIdentificatorTest.php" line="41" assertions="1" time="0.002337"/>
    </testsuite>
    <testsuite name="WeDev\Identifier\Tests\RandomIdentificatorTest" file="/home/evalverde/projects/Identifier/Tests/RandomIdentificatorTest.php" tests="3" assertions="3" errors="0" failures="0" skipped="0" time="0.009850">
      <testcase name="should_generate_valid_id" class="WeDev\Identifier\Tests\RandomIdentificatorTest" classname="WeDev.Identifier.Tests.RandomIdentificatorTest" file="/home/evalverde/projects/Identifier/Tests/RandomIdentificatorTest.php" line="14" assertions="1" time="0.003812"/>
      <testcase name="should_not_be_equal_with_three_equals" class="WeDev\Identifier\Tests\RandomIdentificatorTest" classname="WeDev.Identifier.Tests.RandomIdentificatorTest" file="/home/evalverde/projects/Identifier/Tests/RandomIdentificatorTest.php" line="23" assertions="1" time="0.003705"/>
      <testcase name="should_be_equal_with_two_equals" class="WeDev\Identifier\Tests\RandomIdentificatorTest" classname="WeDev.Identifier.Tests.RandomIdentificatorTest" file="/home/evalverde/projects/Identifier/Tests/RandomIdentificatorTest.php" line="33" assertions="1" time="0.002333"/>
    </testsuite>
  </testsuite>
</testsuites>
